app/build/intermediates/manifest_merge_blame_file/debug/manifest-merger-blame-debug-report.txt
1<?xml version="1.0" encoding="utf-8"?>
2<manifest xmlns:android="http://schemas.android.com/apk/res/android"
3    package="com.example.appsorteio"
4    android:versionCode="1"
5    android:versionName="1.0" >
6
7    <uses-sdk
8        android:minSdkVersion="16"
8-->src\main\AndroidManifest.xml
9        android:targetSdkVersion="30" />
9-->src\main\AndroidManifest.xml
10
11    <application
11-->src\main\AndroidManifest.xml:5:5-34:19
12        android:allowBackup="true"
12-->src\main\AndroidManifest.xml:6:9-35
13        android:appComponentFactory="androidx.core.app.CoreComponentFactory"
13-->[androidx.core:core:1.1.0] AndroidManifest.xml:24:18-86
14        android:debuggable="true"
15        android:icon="@mipmap/ic_launcher"
15-->src\main\AndroidManifest.xml:7:9-43
16        android:label="@string/app_name"
16-->src\main\AndroidManifest.xml:8:9-41
17        android:roundIcon="@mipmap/ic_launcher_round"
17-->src\main\AndroidManifest.xml:9:9-54
18        android:supportsRtl="true"
18-->src\main\AndroidManifest.xml:10:9-35
19        android:testOnly="true"
20        android:theme="@style/cinexplainFullScream" >
20-->src\main\AndroidManifest.xml:11:9-52
21        <activity android:name="com.example.appsorteio.filme9" />
21-->src\main\AndroidManifest.xml:12:9-53
21-->src\main\AndroidManifest.xml:12:19-41
22        <activity android:name="com.example.appsorteio.filme8" />
22-->src\main\AndroidManifest.xml:13:9-44
22-->src\main\AndroidManifest.xml:13:19-41
23        <activity android:name="com.example.appsorteio.filme7" />
23-->src\main\AndroidManifest.xml:14:9-44
23-->src\main\AndroidManifest.xml:14:19-41
24        <activity android:name="com.example.appsorteio.filme6" />
24-->src\main\AndroidManifest.xml:15:9-44
24-->src\main\AndroidManifest.xml:15:19-41
25        <activity android:name="com.example.appsorteio.filme5" />
25-->src\main\AndroidManifest.xml:16:9-44
25-->src\main\AndroidManifest.xml:16:19-41
26        <activity android:name="com.example.appsorteio.filme4" />
26-->src\main\AndroidManifest.xml:17:9-44
26-->src\main\AndroidManifest.xml:17:19-41
27        <activity android:name="com.example.appsorteio.filme3" />
27-->src\main\AndroidManifest.xml:18:9-44
27-->src\main\AndroidManifest.xml:18:19-41
28        <activity android:name="com.example.appsorteio.filme2" />
28-->src\main\AndroidManifest.xml:19:9-44
28-->src\main\AndroidManifest.xml:19:19-41
29        <activity android:name="com.example.appsorteio.filme1" />
29-->src\main\AndroidManifest.xml:20:9-44
29-->src\main\AndroidManifest.xml:20:19-41
30        <activity android:name="com.example.appsorteio.MenuTela" />
30-->src\main\AndroidManifest.xml:21:9-46
30-->src\main\AndroidManifest.xml:21:19-43
31        <activity android:name="com.example.appsorteio.TelaPrincipal" />
31-->src\main\AndroidManifest.xml:22:9-51
31-->src\main\AndroidManifest.xml:22:19-48
32        <activity android:name="com.example.appsorteio.MainActivity" >
32-->src\main\AndroidManifest.xml:23:9-29:20
32-->src\main\AndroidManifest.xml:23:19-47
33            <intent-filter>
33-->src\main\AndroidManifest.xml:24:13-28:29
34                <action android:name="android.intent.action.MAIN" />
34-->src\main\AndroidManifest.xml:25:17-69
34-->src\main\AndroidManifest.xml:25:25-66
35
36                <category android:name="android.intent.category.LAUNCHER" />
36-->src\main\AndroidManifest.xml:27:17-77
36-->src\main\AndroidManifest.xml:27:27-74
37            </intent-filter>
38        </activity>
39
40        <meta-data
40-->src\main\AndroidManifest.xml:31:9-33:57
41            android:name="preloaded_fonts"
41-->src\main\AndroidManifest.xml:32:13-43
42            android:resource="@array/preloaded_fonts" />
42-->src\main\AndroidManifest.xml:33:13-54
43    </application>
44
45</manifest>